This is pdfTeX, Version 3.14159265-2.6-1.40.19 (MiKTeX 2.9.6840 64-bit) (preloaded format=pdflatex 2018.10.29)  24 NOV 2018 15:25
entering extended mode
**"./Spangher, 2015.tex"
("Spangher, 2015.tex"
LaTeX2e <2018-04-01> patch level 5
(res.cls
Document Style `res' <26 Sep 89>.
Document Class: res 2000/05/19 v1.4b Resume class
("C:\Program Files\MiKTeX 2.9\tex\latex\base\article.cls"
Document Class: article 2014/09/29 v1.4h Standard LaTeX document class
("C:\Program Files\MiKTeX 2.9\tex\latex\base\size10.clo"
File: size10.clo 2014/09/29 v1.4h Standard LaTeX file (size option)
)
\c@part=\count80
\c@section=\count81
\c@subsection=\count82
\c@subsubsection=\count83
\c@paragraph=\count84
\c@subparagraph=\count85
\c@figure=\count86
\c@table=\count87
\abovecaptionskip=\skip41
\belowcaptionskip=\skip42
\bibindent=\dimen102
)
No auxiliary output files.

\tabular@text=\toks14
\tabular@head=\toks15
\tabular@tail=\toks16
\@ta=\toks17
\undefined@token=\toks18
\sectionwidth=\dimen103
\sectionskip=\skip43
\resumewidth=\dimen104
\@columnwidth=\dimen105
\c@numberofcolumns=\count88
)
No file "Spangher, 2015".aux.
LaTeX Font Info:    Checking defaults for OML/cmm/m/it on input line 5.
LaTeX Font Info:    ... okay on input line 5.
LaTeX Font Info:    Checking defaults for T1/cmr/m/n on input line 5.
LaTeX Font Info:    ... okay on input line 5.
LaTeX Font Info:    Checking defaults for OT1/cmr/m/n on input line 5.
LaTeX Font Info:    ... okay on input line 5.
LaTeX Font Info:    Checking defaults for OMS/cmsy/m/n on input line 5.
LaTeX Font Info:    ... okay on input line 5.
LaTeX Font Info:    Checking defaults for OMX/cmex/m/n on input line 5.
LaTeX Font Info:    ... okay on input line 5.
LaTeX Font Info:    Checking defaults for U/cmr/m/n on input line 5.
LaTeX Font Info:    ... okay on input line 5.
LaTeX Font Info:    External font `cmex10' loaded for size
(Font)              <7> on input line 16.
LaTeX Font Info:    External font `cmex10' loaded for size
(Font)              <5> on input line 16.

Overfull \hbox (5.36562pt too wide) in paragraph at lines 38--54
\OT1/cmr/m/n/10 Solar load gen-er-a-tor (VB shell on SamUL script), anamoly de-
tec-tion al-go-rithm (Python
 []

[1

{C:/Users/alex2/AppData/Local/MiKTeX/2.9/pdftex/config/pdftex.map}] ) 
Here is how much of TeX's memory you used:
 294 strings out of 492970
 3228 string characters out of 3135854
 65158 words of memory out of 3000000
 4248 multiletter control sequences out of 15000+200000
 5420 words of font info for 20 fonts, out of 3000000 for 9000
 1141 hyphenation exceptions out of 8191
 29i,8n,20p,325b,149s stack positions out of 5000i,500n,10000p,200000b,50000s
<C:/Progra
m Files/MiKTeX 2.9/fonts/type1/public/amsfonts/cm/cmbx10.pfb><C:/Program Files/
MiKTeX 2.9/fonts/type1/public/amsfonts/cm/cmbx12.pfb><C:/Program Files/MiKTeX 2
.9/fonts/type1/public/amsfonts/cm/cmr10.pfb><C:/Program Files/MiKTeX 2.9/fonts/
type1/public/amsfonts/cm/cmr7.pfb><C:/Program Files/MiKTeX 2.9/fonts/type1/publ
ic/amsfonts/cm/cmsl10.pfb><C:/Program Files/MiKTeX 2.9/fonts/type1/public/amsfo
nts/cm/cmti10.pfb><C:/Program Files/MiKTeX 2.9/fonts/type1/public/amsfonts/cm/c
mtt10.pfb>
Output written on "Spangher, 2015.pdf" (1 page, 104961 bytes).
PDF statistics:
 34 PDF objects out of 1000 (max. 8388607)
 0 named destinations out of 1000 (max. 500000)
 1 words of extra memory for PDF output out of 10000 (max. 10000000)

